<?xml version="1.0" encoding="UTF-8"?>
<!-- Generated by org.testng.reporters.JUnitReportReporter -->
<testsuite hostname="LTIN593312" failures="0" tests="2" name="testCases.TC_03_ReadyToTransform" time="22.756" errors="0" timestamp="2025-04-23T08:46:11 IST" skipped="0">
  <testcase classname="testCases.TC_03_ReadyToTransform" name="goToForCampus" time="15.176"/>
  <testcase classname="testCases.TC_03_ReadyToTransform" name="fillForm" time="7.580"/>
</testsuite> <!-- testCases.TC_03_ReadyToTransform -->
