<?xml version="1.0" encoding="UTF-8"?>
<!-- Generated by org.testng.reporters.JUnitReportReporter -->
<testsuite hostname="LTIN593312" failures="0" tests="3" name="testCases.TC_02_LanguageLearning" time="15.885" errors="0" timestamp="2025-04-23T08:46:11 IST" skipped="0">
  <testcase classname="testCases.TC_02_LanguageLearning" name="searchLangLearn" time="10.641"/>
  <testcase classname="testCases.TC_02_LanguageLearning" name="CheckLanguagesList" time="5.089"/>
  <testcase classname="testCases.TC_02_LanguageLearning" name="checkLevelsList" time="0.155"/>
</testsuite> <!-- testCases.TC_02_LanguageLearning -->
