<?xml version="1.0" encoding="UTF-8"?>
<!-- Generated by org.testng.reporters.JUnitReportReporter -->
<testsuite hostname="LTIN593312" failures="0" tests="7" name="testCases.TC_01_SearchWebDev" time="25.539" errors="0" timestamp="2025-04-23T08:46:11 IST" skipped="0">
  <testcase classname="testCases.TC_01_SearchWebDev" name="searchWebDevCourse" time="9.894"/>
  <testcase classname="testCases.TC_01_SearchWebDev" name="clickEnglishCheckBox" time="1.391"/>
  <testcase classname="testCases.TC_01_SearchWebDev" name="clickBeginnerCheckBox" time="5.344"/>
  <testcase classname="testCases.TC_01_SearchWebDev" name="checkCourseNames" time="2.384"/>
  <testcase classname="testCases.TC_01_SearchWebDev" name="checkCourseRatings" time="0.347"/>
  <testcase classname="testCases.TC_01_SearchWebDev" name="checkCourseDuration" time="0.355"/>
  <testcase classname="testCases.TC_01_SearchWebDev" name="goToHome" time="5.824"/>
</testsuite> <!-- testCases.TC_01_SearchWebDev -->
