<?xml version="1.0" encoding="UTF-8"?>
<!-- Generated by org.testng.reporters.JUnitReportReporter -->
<testsuite hostname="LTIN593312" failures="0" tests="3" name="testCases.TC_02_LanguageLearning" time="7.087" errors="0" timestamp="2025-04-18T14:41:39 IST" skipped="0">
  <testcase classname="testCases.TC_02_LanguageLearning" name="searchLangLearn" time="5.046"/>
  <testcase classname="testCases.TC_02_LanguageLearning" name="CheckLanguagesList" time="1.984"/>
  <testcase classname="testCases.TC_02_LanguageLearning" name="checkLevelsList" time="0.057"/>
</testsuite> <!-- testCases.TC_02_LanguageLearning -->
