<?xml version="1.0" encoding="UTF-8"?>
<!-- Generated by org.testng.reporters.JUnitReportReporter -->
<testsuite hostname="LTIN593312" failures="0" tests="7" name="testCases.TC_01_SearchWebDev" time="13.604" errors="0" timestamp="2025-04-18T14:41:39 IST" skipped="0">
  <testcase classname="testCases.TC_01_SearchWebDev" name="searchWebDevCourse" time="5.334"/>
  <testcase classname="testCases.TC_01_SearchWebDev" name="clickEnglishCheckBox" time="0.401"/>
  <testcase classname="testCases.TC_01_SearchWebDev" name="clickBeginnerCheckBox" time="0.248"/>
  <testcase classname="testCases.TC_01_SearchWebDev" name="checkCourseNames" time="2.266"/>
  <testcase classname="testCases.TC_01_SearchWebDev" name="checkCourseRatings" time="0.196"/>
  <testcase classname="testCases.TC_01_SearchWebDev" name="checkCourseDuration" time="0.175"/>
  <testcase classname="testCases.TC_01_SearchWebDev" name="goToHome" time="4.984"/>
</testsuite> <!-- testCases.TC_01_SearchWebDev -->
